<?xml version="1.0" encoding="UTF-8"?>
<!-- Generated by org.testng.reporters.JUnitReportReporter -->
<testsuite hostname="KADITPC062024-1" failures="0" tests="4" name="demoweb.DemoLogTest" time="22.115" errors="0" timestamp="2024-10-26T16:10:03 IST" skipped="0">
  <testcase classname="demoweb.DemoLogTest" name="login" time="3.227">
    <system-out>
      <![CDATA[Testing scenario: correctpassword
Actual error message: Login was unsuccessful. Please correct the errors and try again.
The credentials provided are incorrect]]>
    </system-out>
  </testcase> <!-- login -->
  <testcase classname="demoweb.DemoLogTest" name="login" time="3.447">
    <system-out>
      <![CDATA[Testing scenario: correctusername
Actual error message: Login was unsuccessful. Please correct the errors and try again.
The credentials provided are incorrect]]>
    </system-out>
  </testcase> <!-- login -->
  <testcase classname="demoweb.DemoLogTest" name="login" time="3.537">
    <system-out>
      <![CDATA[Testing scenario: bothwrong
Actual error message: Login was unsuccessful. Please correct the errors and try again.
The credentials provided are incorrect]]>
    </system-out>
  </testcase> <!-- login -->
  <testcase classname="demoweb.DemoLogTest" name="login" time="11.904">
    <system-out>
      <![CDATA[Testing scenario: bothcorrect]]>
    </system-out>
  </testcase> <!-- login -->
  <system-out>
    <![CDATA[Testing scenario: bothcorrect
Testing scenario: bothwrong
Actual error message: Login was unsuccessful. Please correct the errors and try again.
The credentials provided are incorrect
Testing scenario: correctusername
Actual error message: Login was unsuccessful. Please correct the errors and try again.
The credentials provided are incorrect
Testing scenario: correctpassword
Actual error message: Login was unsuccessful. Please correct the errors and try again.
The credentials provided are incorrect]]>
  </system-out>
</testsuite> <!-- demoweb.DemoLogTest -->
