<?xml version="1.0" encoding="UTF-8"?>
<!-- Generated by org.testng.reporters.JUnitReportReporter -->
<testsuite hostname="KADITPC062024-1" failures="0" tests="4" name="demoweb.DemoLog1" time="14.329" errors="0" timestamp="2024-10-09T18:17:51 IST" skipped="0">
  <testcase classname="demoweb.DemoLog1" name="login" time="3.175">
    <system-out>
      <![CDATA[Testing scenario: bothwrong
Actual error message: Login was unsuccessful. Please correct the errors and try again.
The credentials provided are incorrect]]>
    </system-out>
  </testcase> <!-- login -->
  <testcase classname="demoweb.DemoLog1" name="login" time="2.521">
    <system-out>
      <![CDATA[Testing scenario: correctusername
Actual error message: Login was unsuccessful. Please correct the errors and try again.
The credentials provided are incorrect]]>
    </system-out>
  </testcase> <!-- login -->
  <testcase classname="demoweb.DemoLog1" name="login" time="2.547">
    <system-out>
      <![CDATA[Testing scenario: correctpassword
Actual error message: Login was unsuccessful. Please correct the errors and try again.
The credentials provided are incorrect]]>
    </system-out>
  </testcase> <!-- login -->
  <testcase classname="demoweb.DemoLog1" name="login" time="6.086">
    <system-out>
      <![CDATA[Testing scenario: bothcorrect]]>
    </system-out>
  </testcase> <!-- login -->
  <system-out>
    <![CDATA[Testing scenario: bothcorrect
Testing scenario: bothwrong
Actual error message: Login was unsuccessful. Please correct the errors and try again.
The credentials provided are incorrect
Testing scenario: correctusername
Actual error message: Login was unsuccessful. Please correct the errors and try again.
The credentials provided are incorrect
Testing scenario: correctpassword
Actual error message: Login was unsuccessful. Please correct the errors and try again.
The credentials provided are incorrect]]>
  </system-out>
</testsuite> <!-- demoweb.DemoLog1 -->
